2026-05-04T07:58:47.365-03:00  INFO 12360 --- [pi] [main] com.senac.pi.PiApplication               : Starting PiApplication using Java 25.0.1 with PID 12360 (C:\Users\pasco\Documents\2026.1\coding.mobile\Back-end-Projeto-Integrador-main\target\classes started by xxxxxx in C:\Users\pasco\Documents\2026.1\coding.mobile\Back-end-Projeto-Integrador-main)
2026-05-04T07:58:47.422-03:00 DEBUG 12360 --- [pi] [main] com.senac.pi.PiApplication               : Running with Spring Boot v4.0.5, Spring v7.0.6
2026-05-04T07:58:47.444-03:00  INFO 12360 --- [pi] [main] com.senac.pi.PiApplication               : No active profile set, falling back to 1 default profile: "default"
2026-05-04T07:58:56.107-03:00  INFO 12360 --- [pi] [main] .s.d.r.c.RepositoryConfigurationDelegate : Bootstrapping Spring Data JPA repositories in DEFAULT mode.
2026-05-04T07:58:56.352-03:00  INFO 12360 --- [pi] [main] .s.d.r.c.RepositoryConfigurationDelegate : Finished Spring Data repository scanning in 213 ms. Found 9 JPA repository interfaces.
2026-05-04T07:58:58.422-03:00  INFO 12360 --- [pi] [main] o.s.boot.tomcat.TomcatWebServer          : Tomcat initialized with port 8080 (http)
2026-05-04T07:58:58.487-03:00  INFO 12360 --- [pi] [main] o.apache.catalina.core.StandardService   : Starting service [Tomcat]
2026-05-04T07:58:58.488-03:00  INFO 12360 --- [pi] [main] o.apache.catalina.core.StandardEngine    : Starting Servlet engine: [Apache Tomcat/11.0.20]
2026-05-04T07:58:58.733-03:00  INFO 12360 --- [pi] [main] b.w.c.s.WebApplicationContextInitializer : Root WebApplicationContext: initialization completed in 10921 ms
2026-05-04T07:59:00.032-03:00  INFO 12360 --- [pi] [main] org.hibernate.orm.jpa                    : HHH008540: Processing PersistenceUnitInfo [name: default]
2026-05-04T07:59:00.237-03:00  INFO 12360 --- [pi] [main] org.hibernate.orm.core                   : HHH000001: Hibernate ORM core version 7.2.7.Final
2026-05-04T07:59:01.922-03:00  INFO 12360 --- [pi] [main] o.s.o.j.p.SpringPersistenceUnitInfo      : No LoadTimeWeaver setup: ignoring JPA class transformer
2026-05-04T07:59:02.029-03:00  INFO 12360 --- [pi] [main] com.zaxxer.hikari.HikariDataSource       : HikariPool-1 - Starting...
2026-05-04T07:59:04.107-03:00  INFO 12360 --- [pi] [main] com.zaxxer.hikari.pool.HikariPool        : HikariPool-1 - Added connection com.mysql.cj.jdbc.ConnectionImpl@6b30ff23
2026-05-04T07:59:04.114-03:00  INFO 12360 --- [pi] [main] com.zaxxer.hikari.HikariDataSource       : HikariPool-1 - Start completed.
2026-05-04T07:59:04.365-03:00  WARN 12360 --- [pi] [main] org.hibernate.orm.deprecation            : HHH90000025: MySQLDialect does not need to be specified explicitly using 'hibernate.dialect' (remove the property setting and it will be selected by default)
2026-05-04T07:59:04.429-03:00  INFO 12360 --- [pi] [main] org.hibernate.orm.connections.pooling    : HHH10001005: Database info:
	Database JDBC URL [jdbc:mysql://localhost:3306/pi]
	Database driver: MySQL Connector/J
	Database dialect: MySQLDialect
	Database version: 8.0.45
	Default catalog/schema: pi/undefined
	Autocommit mode: undefined/unknown
	Isolation level: REPEATABLE_READ [default REPEATABLE_READ]
	JDBC fetch size: none
	Pool: DataSourceConnectionProvider
	Minimum pool size: undefined/unknown
	Maximum pool size: undefined/unknown
2026-05-04T07:59:09.870-03:00  INFO 12360 --- [pi] [main] org.hibernate.orm.core                   : HHH000489: No JTA platform available (set 'hibernate.transaction.jta.platform' to enable JTA platform integration)
2026-05-04T07:59:10.254-03:00  INFO 12360 --- [pi] [main] j.LocalContainerEntityManagerFactoryBean : Initialized JPA EntityManagerFactory for persistence unit 'default'
2026-05-04T07:59:10.447-03:00  INFO 12360 --- [pi] [main] o.s.d.j.r.query.QueryEnhancerFactories   : Hibernate is in classpath; If applicable, HQL parser will be used.
2026-05-04T07:59:11.103-03:00 DEBUG 12360 --- [pi] [main] com.senac.pi.config.SecurityFilter       : Filter 'securityFilter' configured for use
2026-05-04T07:59:16.116-03:00  INFO 12360 --- [pi] [main] r$InitializeUserDetailsManagerConfigurer : Global AuthenticationManager configured with UserDetailsService bean with name authService
2026-05-04T07:59:17.179-03:00  WARN 12360 --- [pi] [main] JpaBaseConfiguration$JpaWebConfiguration : spring.jpa.open-in-view is enabled by default. Therefore, database queries may be performed during view rendering. Explicitly configure spring.jpa.open-in-view to disable this warning
2026-05-04T07:59:18.179-03:00  INFO 12360 --- [pi] [main] o.s.v.b.OptionalValidatorFactoryBean     : Failed to set up a Bean Validation provider: jakarta.validation.NoProviderFoundException: Unable to create a Configuration, because no Jakarta Validation provider could be found. Add a provider like Hibernate Validator (RI) to your classpath.
2026-05-04T07:59:20.303-03:00  INFO 12360 --- [pi] [main] o.s.b.a.e.web.EndpointLinksResolver      : Exposing 2 endpoints beneath base path '/actuator'
2026-05-04T07:59:20.763-03:00  INFO 12360 --- [pi] [main] o.s.boot.tomcat.TomcatWebServer          : Tomcat started on port 8080 (http) with context path '/'
2026-05-04T07:59:20.832-03:00  INFO 12360 --- [pi] [main] com.senac.pi.PiApplication               : Started PiApplication in 36.329 seconds (process running for 39.619)
2026-05-04T07:59:23.304-03:00  INFO 12360 --- [pi] [RMI TCP Connection(11)-127.0.0.1] o.a.c.c.C.[Tomcat].[localhost].[/]       : Initializing Spring DispatcherServlet 'dispatcherServlet'
2026-05-04T07:59:23.304-03:00  INFO 12360 --- [pi] [RMI TCP Connection(11)-127.0.0.1] o.s.web.servlet.DispatcherServlet        : Initializing Servlet 'dispatcherServlet'
2026-05-04T07:59:23.310-03:00  INFO 12360 --- [pi] [RMI TCP Connection(11)-127.0.0.1] o.s.web.servlet.DispatcherServlet        : Completed initialization in 5 ms
2026-05-04T08:00:31.468-03:00  INFO 12360 --- [pi] [http-nio-8080-exec-1] o.springdoc.api.AbstractOpenApiResource  : Init duration for springdoc-openapi is: 4186 ms
2026-05-04T08:23:09.566-03:00  WARN 12360 --- [pi] [HikariPool-1:housekeeper] com.zaxxer.hikari.pool.HikariPool        : HikariPool-1 - Thread starvation or clock leap detected (housekeeper delta=22m5s317ms588µs300ns).
2026-05-04T08:25:17.970-03:00  WARN 12360 --- [pi] [http-nio-8080-exec-6] com.senac.pi.services.TokenService       : ### AUTH ### Falha na validação do token: The Token has expired on 2026-05-03T17:05:09Z.
2026-05-04T08:25:17.970-03:00  WARN 12360 --- [pi] [http-nio-8080-exec-7] com.senac.pi.services.TokenService       : ### AUTH ### Falha na validação do token: The Token has expired on 2026-05-03T17:05:09Z.
2026-05-04T08:25:17.970-03:00  WARN 12360 --- [pi] [http-nio-8080-exec-2] com.senac.pi.services.TokenService       : ### AUTH ### Falha na validação do token: The Token has expired on 2026-05-03T17:05:09Z.
2026-05-04T08:27:22.542-03:00  INFO 12360 --- [pi] [RMI TCP Connection(24)-127.0.0.1] inMXBeanRegistrar$SpringApplicationAdmin : Application shutdown requested.
2026-05-04T08:27:23.281-03:00  INFO 12360 --- [pi] [RMI TCP Connection(24)-127.0.0.1] o.s.boot.tomcat.GracefulShutdown         : Commencing graceful shutdown. Waiting for active requests to complete
2026-05-04T08:27:23.496-03:00  INFO 12360 --- [pi] [tomcat-shutdown] o.s.boot.tomcat.GracefulShutdown         : Graceful shutdown complete
2026-05-04T08:27:24.044-03:00  INFO 12360 --- [pi] [RMI TCP Connection(24)-127.0.0.1] j.LocalContainerEntityManagerFactoryBean : Closing JPA EntityManagerFactory for persistence unit 'default'
2026-05-04T08:27:24.397-03:00  INFO 12360 --- [pi] [RMI TCP Connection(24)-127.0.0.1] com.zaxxer.hikari.HikariDataSource       : HikariPool-1 - Shutdown initiated...
2026-05-04T08:27:24.946-03:00  INFO 12360 --- [pi] [RMI TCP Connection(24)-127.0.0.1] com.zaxxer.hikari.HikariDataSource       : HikariPool-1 - Shutdown completed.
2026-05-04T08:27:48.756-03:00  INFO 29304 --- [pi] [main] com.senac.pi.PiApplication               : Starting PiApplication using Java 25.0.1 with PID 29304 (C:\Users\pasco\Documents\2026.1\coding.mobile\Back-end-Projeto-Integrador-main\target\classes started by xxxxxx in C:\Users\pasco\Documents\2026.1\coding.mobile\Back-end-Projeto-Integrador-main)
2026-05-04T08:27:48.763-03:00 DEBUG 29304 --- [pi] [main] com.senac.pi.PiApplication               : Running with Spring Boot v4.0.5, Spring v7.0.6
2026-05-04T08:27:48.765-03:00  INFO 29304 --- [pi] [main] com.senac.pi.PiApplication               : No active profile set, falling back to 1 default profile: "default"
2026-05-04T08:27:51.932-03:00  INFO 29304 --- [pi] [main] .s.d.r.c.RepositoryConfigurationDelegate : Bootstrapping Spring Data JPA repositories in DEFAULT mode.
2026-05-04T08:27:52.119-03:00  INFO 29304 --- [pi] [main] .s.d.r.c.RepositoryConfigurationDelegate : Finished Spring Data repository scanning in 165 ms. Found 9 JPA repository interfaces.
2026-05-04T08:27:53.480-03:00  INFO 29304 --- [pi] [main] o.s.boot.tomcat.TomcatWebServer          : Tomcat initialized with port 8080 (http)
2026-05-04T08:27:53.507-03:00  INFO 29304 --- [pi] [main] o.apache.catalina.core.StandardService   : Starting service [Tomcat]
2026-05-04T08:27:53.510-03:00  INFO 29304 --- [pi] [main] o.apache.catalina.core.StandardEngine    : Starting Servlet engine: [Apache Tomcat/11.0.20]
2026-05-04T08:27:53.715-03:00  INFO 29304 --- [pi] [main] b.w.c.s.WebApplicationContextInitializer : Root WebApplicationContext: initialization completed in 4782 ms
2026-05-04T08:27:54.333-03:00  INFO 29304 --- [pi] [main] org.hibernate.orm.jpa                    : HHH008540: Processing PersistenceUnitInfo [name: default]
2026-05-04T08:27:54.669-03:00  INFO 29304 --- [pi] [main] org.hibernate.orm.core                   : HHH000001: Hibernate ORM core version 7.2.7.Final
2026-05-04T08:27:56.040-03:00  INFO 29304 --- [pi] [main] o.s.o.j.p.SpringPersistenceUnitInfo      : No LoadTimeWeaver setup: ignoring JPA class transformer
2026-05-04T08:27:56.131-03:00  INFO 29304 --- [pi] [main] com.zaxxer.hikari.HikariDataSource       : HikariPool-1 - Starting...
2026-05-04T08:27:57.281-03:00  INFO 29304 --- [pi] [main] com.zaxxer.hikari.pool.HikariPool        : HikariPool-1 - Added connection com.mysql.cj.jdbc.ConnectionImpl@5f7bd970
2026-05-04T08:27:57.287-03:00  INFO 29304 --- [pi] [main] com.zaxxer.hikari.HikariDataSource       : HikariPool-1 - Start completed.
2026-05-04T08:27:57.567-03:00  WARN 29304 --- [pi] [main] org.hibernate.orm.deprecation            : HHH90000025: MySQLDialect does not need to be specified explicitly using 'hibernate.dialect' (remove the property setting and it will be selected by default)
2026-05-04T08:27:57.630-03:00  INFO 29304 --- [pi] [main] org.hibernate.orm.connections.pooling    : HHH10001005: Database info:
	Database JDBC URL [jdbc:mysql://localhost:3306/pi]
	Database driver: MySQL Connector/J
	Database dialect: MySQLDialect
	Database version: 8.0.45
	Default catalog/schema: pi/undefined
	Autocommit mode: undefined/unknown
	Isolation level: REPEATABLE_READ [default REPEATABLE_READ]
	JDBC fetch size: none
	Pool: DataSourceConnectionProvider
	Minimum pool size: undefined/unknown
	Maximum pool size: undefined/unknown
2026-05-04T08:28:01.500-03:00  INFO 29304 --- [pi] [main] org.hibernate.orm.core                   : HHH000489: No JTA platform available (set 'hibernate.transaction.jta.platform' to enable JTA platform integration)
2026-05-04T08:28:05.414-03:00  INFO 29304 --- [pi] [main] j.LocalContainerEntityManagerFactoryBean : Initialized JPA EntityManagerFactory for persistence unit 'default'
2026-05-04T08:28:05.607-03:00  INFO 29304 --- [pi] [main] o.s.d.j.r.query.QueryEnhancerFactories   : Hibernate is in classpath; If applicable, HQL parser will be used.
2026-05-04T08:28:06.089-03:00 DEBUG 29304 --- [pi] [main] com.senac.pi.config.SecurityFilter       : Filter 'securityFilter' configured for use
2026-05-04T08:28:07.533-03:00  INFO 29304 --- [pi] [main] r$InitializeUserDetailsManagerConfigurer : Global AuthenticationManager configured with UserDetailsService bean with name authService
2026-05-04T08:28:08.257-03:00  WARN 29304 --- [pi] [main] JpaBaseConfiguration$JpaWebConfiguration : spring.jpa.open-in-view is enabled by default. Therefore, database queries may be performed during view rendering. Explicitly configure spring.jpa.open-in-view to disable this warning
2026-05-04T08:28:09.012-03:00  INFO 29304 --- [pi] [main] o.s.v.b.OptionalValidatorFactoryBean     : Failed to set up a Bean Validation provider: jakarta.validation.NoProviderFoundException: Unable to create a Configuration, because no Jakarta Validation provider could be found. Add a provider like Hibernate Validator (RI) to your classpath.
2026-05-04T08:28:10.338-03:00  INFO 29304 --- [pi] [main] o.s.b.a.e.web.EndpointLinksResolver      : Exposing 2 endpoints beneath base path '/actuator'
2026-05-04T08:28:10.524-03:00  INFO 29304 --- [pi] [main] o.s.boot.tomcat.TomcatWebServer          : Tomcat started on port 8080 (http) with context path '/'
2026-05-04T08:28:10.546-03:00  INFO 29304 --- [pi] [main] com.senac.pi.PiApplication               : Started PiApplication in 24.144 seconds (process running for 27.59)
2026-05-04T08:28:12.467-03:00  INFO 29304 --- [pi] [RMI TCP Connection(7)-127.0.0.1] o.a.c.c.C.[Tomcat].[localhost].[/]       : Initializing Spring DispatcherServlet 'dispatcherServlet'
2026-05-04T08:28:12.467-03:00  INFO 29304 --- [pi] [RMI TCP Connection(7)-127.0.0.1] o.s.web.servlet.DispatcherServlet        : Initializing Servlet 'dispatcherServlet'
2026-05-04T08:28:12.472-03:00  INFO 29304 --- [pi] [RMI TCP Connection(7)-127.0.0.1] o.s.web.servlet.DispatcherServlet        : Completed initialization in 4 ms
2026-05-04T08:30:18.095-03:00  WARN 29304 --- [pi] [http-nio-8080-exec-5] com.senac.pi.services.TokenService       : ### AUTH ### Falha na validação do token: The Token has expired on 2026-05-03T17:05:09Z.
2026-05-04T08:30:18.095-03:00  WARN 29304 --- [pi] [http-nio-8080-exec-7] com.senac.pi.services.TokenService       : ### AUTH ### Falha na validação do token: The Token has expired on 2026-05-03T17:05:09Z.
2026-05-04T08:30:18.095-03:00  WARN 29304 --- [pi] [http-nio-8080-exec-6] com.senac.pi.services.TokenService       : ### AUTH ### Falha na validação do token: The Token has expired on 2026-05-03T17:05:09Z.
2026-05-04T08:30:48.637-03:00  INFO 29304 --- [pi] [http-nio-8080-exec-3] com.senac.pi.services.AuthService        : ### AUTH ### Tentativa de autenticação para o e-mail: admin@senac.com
2026-05-04T08:30:48.667-03:00  INFO 29304 --- [pi] [http-nio-8080-exec-3] com.senac.pi.services.AuthService        : ### AUTH ### Usuário encontrado no banco! Prosseguindo com a validação de senha...
2026-05-04T08:30:48.824-03:00  INFO 29304 --- [pi] [http-nio-8080-exec-3] com.senac.pi.services.TokenService       : ### AUTH ### Gerando token para o usuário: admin@senac.com
2026-05-04T08:30:48.860-03:00  INFO 29304 --- [pi] [http-nio-8080-exec-3] com.senac.pi.services.TokenService       : ### AUTH ### Token gerado com sucesso para a role: ADMIN
2026-05-04T08:30:52.179-03:00 DEBUG 29304 --- [pi] [http-nio-8080-exec-1] com.senac.pi.services.TokenService       : ### AUTH ### Token validado com sucesso para: admin@senac.com
2026-05-04T08:30:52.191-03:00 DEBUG 29304 --- [pi] [http-nio-8080-exec-2] com.senac.pi.services.TokenService       : ### AUTH ### Token validado com sucesso para: admin@senac.com
2026-05-04T08:30:52.226-03:00 DEBUG 29304 --- [pi] [http-nio-8080-exec-7] com.senac.pi.services.TokenService       : ### AUTH ### Token validado com sucesso para: admin@senac.com
2026-05-04T08:30:52.234-03:00  INFO 29304 --- [pi] [http-nio-8080-exec-1] com.senac.pi.services.CursoService       : ### CURSO ### Buscando todos os cursos cadastrados.
2026-05-04T08:30:52.242-03:00  INFO 29304 --- [pi] [http-nio-8080-exec-2] com.senac.pi.services.AlunoService       : Buscando todos os alunos cadastrados...
2026-05-04T08:30:52.259-03:00  INFO 29304 --- [pi] [http-nio-8080-exec-7] c.senac.pi.services.CoordenadorService   : ### COORD ### Listando todos os coordenadores...
2026-05-04T08:30:52.308-03:00  INFO 29304 --- [pi] [http-nio-8080-exec-2] com.senac.pi.services.AlunoService       : 0 alunos encontrados.
2026-05-04T08:30:52.313-03:00  INFO 29304 --- [pi] [http-nio-8080-exec-7] c.senac.pi.services.CoordenadorService   : ### COORD ### 0 coordenadores encontrados.
2026-05-04T08:30:52.345-03:00  INFO 29304 --- [pi] [http-nio-8080-exec-1] com.senac.pi.services.CursoService       : ### CURSO ### Total de cursos retornados: 0
2026-05-04T08:30:57.458-03:00 DEBUG 29304 --- [pi] [http-nio-8080-exec-5] com.senac.pi.services.TokenService       : ### AUTH ### Token validado com sucesso para: admin@senac.com
2026-05-04T08:30:57.476-03:00  INFO 29304 --- [pi] [http-nio-8080-exec-5] com.senac.pi.services.CursoService       : ### CURSO ### Buscando todos os cursos cadastrados.
2026-05-04T08:30:57.481-03:00  INFO 29304 --- [pi] [http-nio-8080-exec-5] com.senac.pi.services.CursoService       : ### CURSO ### Total de cursos retornados: 0
2026-05-04T08:31:32.547-03:00 DEBUG 29304 --- [pi] [http-nio-8080-exec-3] com.senac.pi.services.TokenService       : ### AUTH ### Token validado com sucesso para: admin@senac.com
2026-05-04T08:31:32.573-03:00  INFO 29304 --- [pi] [http-nio-8080-exec-3] c.senac.pi.services.CoordenadorService   : ### COORD ### Iniciando cadastro do coordenador: Priscila Barbosa
2026-05-04T08:31:32.575-03:00  INFO 29304 --- [pi] [http-nio-8080-exec-3] c.senac.pi.services.CoordenadorService   : ### COORD ### Criptografando senha para o novo registro...
2026-05-04T08:31:32.792-03:00  INFO 29304 --- [pi] [http-nio-8080-exec-3] c.senac.pi.services.CoordenadorService   : ### COORD ### Coordenador cadastrado com sucesso! ID: 2
2026-05-04T08:31:34.869-03:00 DEBUG 29304 --- [pi] [http-nio-8080-exec-4] com.senac.pi.services.TokenService       : ### AUTH ### Token validado com sucesso para: admin@senac.com
2026-05-04T08:31:34.877-03:00 DEBUG 29304 --- [pi] [http-nio-8080-exec-2] com.senac.pi.services.TokenService       : ### AUTH ### Token validado com sucesso para: admin@senac.com
2026-05-04T08:31:34.887-03:00  INFO 29304 --- [pi] [http-nio-8080-exec-4] c.senac.pi.services.CoordenadorService   : ### COORD ### Listando todos os coordenadores...
2026-05-04T08:31:34.902-03:00  INFO 29304 --- [pi] [http-nio-8080-exec-2] com.senac.pi.services.AlunoService       : Buscando todos os alunos cadastrados...
2026-05-04T08:31:34.905-03:00  INFO 29304 --- [pi] [http-nio-8080-exec-4] c.senac.pi.services.CoordenadorService   : ### COORD ### 1 coordenadores encontrados.
2026-05-04T08:31:34.908-03:00  INFO 29304 --- [pi] [http-nio-8080-exec-2] com.senac.pi.services.AlunoService       : 0 alunos encontrados.
2026-05-04T08:31:34.910-03:00 DEBUG 29304 --- [pi] [http-nio-8080-exec-1] com.senac.pi.services.TokenService       : ### AUTH ### Token validado com sucesso para: admin@senac.com
2026-05-04T08:31:34.926-03:00  INFO 29304 --- [pi] [http-nio-8080-exec-1] com.senac.pi.services.CursoService       : ### CURSO ### Buscando todos os cursos cadastrados.
2026-05-04T08:31:34.931-03:00  INFO 29304 --- [pi] [http-nio-8080-exec-1] com.senac.pi.services.CursoService       : ### CURSO ### Total de cursos retornados: 0
2026-05-04T08:32:41.881-03:00  INFO 29304 --- [pi] [http-nio-8080-exec-3] com.senac.pi.services.AuthService        : ### AUTH ### Tentativa de autenticação para o e-mail: priscila@senac.com
2026-05-04T08:32:41.887-03:00  INFO 29304 --- [pi] [http-nio-8080-exec-3] com.senac.pi.services.AuthService        : ### AUTH ### Usuário encontrado no banco! Prosseguindo com a validação de senha...
2026-05-04T08:32:42.073-03:00  INFO 29304 --- [pi] [http-nio-8080-exec-3] com.senac.pi.services.TokenService       : ### AUTH ### Gerando token para o usuário: priscila@senac.com
2026-05-04T08:32:42.074-03:00  INFO 29304 --- [pi] [http-nio-8080-exec-3] com.senac.pi.services.TokenService       : ### AUTH ### Token gerado com sucesso para a role: COORDENADOR
2026-05-04T08:35:17.065-03:00 DEBUG 29304 --- [pi] [http-nio-8080-exec-7] com.senac.pi.services.TokenService       : ### AUTH ### Token validado com sucesso para: priscila@senac.com
2026-05-04T08:35:17.075-03:00 DEBUG 29304 --- [pi] [http-nio-8080-exec-6] com.senac.pi.services.TokenService       : ### AUTH ### Token validado com sucesso para: priscila@senac.com
2026-05-04T08:35:17.092-03:00  INFO 29304 --- [pi] [http-nio-8080-exec-6] c.senac.pi.services.CoordenadorService   : ### COORD ### Listando todos os coordenadores...
2026-05-04T08:35:17.094-03:00  INFO 29304 --- [pi] [http-nio-8080-exec-7] com.senac.pi.services.AlunoService       : Buscando todos os alunos cadastrados...
2026-05-04T08:35:17.100-03:00  INFO 29304 --- [pi] [http-nio-8080-exec-6] c.senac.pi.services.CoordenadorService   : ### COORD ### 1 coordenadores encontrados.
2026-05-04T08:35:17.103-03:00  INFO 29304 --- [pi] [http-nio-8080-exec-7] com.senac.pi.services.AlunoService       : 0 alunos encontrados.
2026-05-04T08:35:17.112-03:00 DEBUG 29304 --- [pi] [http-nio-8080-exec-8] com.senac.pi.services.TokenService       : ### AUTH ### Token validado com sucesso para: priscila@senac.com
2026-05-04T08:35:17.128-03:00  INFO 29304 --- [pi] [http-nio-8080-exec-8] com.senac.pi.services.CursoService       : ### CURSO ### Buscando todos os cursos cadastrados.
2026-05-04T08:35:17.135-03:00  INFO 29304 --- [pi] [http-nio-8080-exec-8] com.senac.pi.services.CursoService       : ### CURSO ### Total de cursos retornados: 0
2026-05-04T08:37:00.584-03:00 DEBUG 29304 --- [pi] [http-nio-8080-exec-3] com.senac.pi.services.TokenService       : ### AUTH ### Token validado com sucesso para: priscila@senac.com
2026-05-04T08:37:00.602-03:00  INFO 29304 --- [pi] [http-nio-8080-exec-3] com.senac.pi.services.CursoService       : ### CURSO ### Buscando todos os cursos cadastrados.
2026-05-04T08:37:00.612-03:00  INFO 29304 --- [pi] [http-nio-8080-exec-3] com.senac.pi.services.CursoService       : ### CURSO ### Total de cursos retornados: 0
2026-05-04T08:40:01.606-03:00 DEBUG 29304 --- [pi] [http-nio-8080-exec-1] com.senac.pi.services.TokenService       : ### AUTH ### Token validado com sucesso para: priscila@senac.com
2026-05-04T08:40:01.623-03:00  INFO 29304 --- [pi] [http-nio-8080-exec-1] com.senac.pi.services.CursoService       : ### CURSO ### Buscando todos os cursos cadastrados.
2026-05-04T08:40:01.628-03:00  INFO 29304 --- [pi] [http-nio-8080-exec-1] com.senac.pi.services.CursoService       : ### CURSO ### Total de cursos retornados: 0
2026-05-04T08:40:08.966-03:00 DEBUG 29304 --- [pi] [http-nio-8080-exec-3] com.senac.pi.services.TokenService       : ### AUTH ### Token validado com sucesso para: priscila@senac.com
2026-05-04T08:40:08.978-03:00  INFO 29304 --- [pi] [http-nio-8080-exec-3] com.senac.pi.services.CursoService       : ### CURSO ### Buscando todos os cursos cadastrados.
2026-05-04T08:40:08.984-03:00  INFO 29304 --- [pi] [http-nio-8080-exec-3] com.senac.pi.services.CursoService       : ### CURSO ### Total de cursos retornados: 0
2026-05-04T08:40:12.895-03:00 DEBUG 29304 --- [pi] [http-nio-8080-exec-2] com.senac.pi.services.TokenService       : ### AUTH ### Token validado com sucesso para: priscila@senac.com
2026-05-04T08:40:12.922-03:00  INFO 29304 --- [pi] [http-nio-8080-exec-2] com.senac.pi.services.CursoService       : ### CURSO ### Buscando todos os cursos cadastrados.
2026-05-04T08:40:12.928-03:00  INFO 29304 --- [pi] [http-nio-8080-exec-2] com.senac.pi.services.CursoService       : ### CURSO ### Total de cursos retornados: 0
2026-05-04T08:40:15.981-03:00 DEBUG 29304 --- [pi] [http-nio-8080-exec-7] com.senac.pi.services.TokenService       : ### AUTH ### Token validado com sucesso para: priscila@senac.com
2026-05-04T08:40:15.995-03:00  INFO 29304 --- [pi] [http-nio-8080-exec-7] com.senac.pi.services.CursoService       : ### CURSO ### Buscando todos os cursos cadastrados.
2026-05-04T08:40:16.005-03:00  INFO 29304 --- [pi] [http-nio-8080-exec-7] com.senac.pi.services.CursoService       : ### CURSO ### Total de cursos retornados: 0
2026-05-04T08:40:17.019-03:00 DEBUG 29304 --- [pi] [http-nio-8080-exec-3] com.senac.pi.services.TokenService       : ### AUTH ### Token validado com sucesso para: priscila@senac.com
2026-05-04T08:40:17.025-03:00 DEBUG 29304 --- [pi] [http-nio-8080-exec-10] com.senac.pi.services.TokenService       : ### AUTH ### Token validado com sucesso para: priscila@senac.com
2026-05-04T08:40:17.026-03:00 DEBUG 29304 --- [pi] [http-nio-8080-exec-4] com.senac.pi.services.TokenService       : ### AUTH ### Token validado com sucesso para: priscila@senac.com
2026-05-04T08:40:17.035-03:00  INFO 29304 --- [pi] [http-nio-8080-exec-4] com.senac.pi.services.AlunoService       : Buscando todos os alunos cadastrados...
2026-05-04T08:40:17.039-03:00  INFO 29304 --- [pi] [http-nio-8080-exec-10] c.senac.pi.services.CoordenadorService   : ### COORD ### Listando todos os coordenadores...
2026-05-04T08:40:17.040-03:00  INFO 29304 --- [pi] [http-nio-8080-exec-4] com.senac.pi.services.AlunoService       : 0 alunos encontrados.
2026-05-04T08:40:17.047-03:00  INFO 29304 --- [pi] [http-nio-8080-exec-10] c.senac.pi.services.CoordenadorService   : ### COORD ### 1 coordenadores encontrados.
2026-05-04T08:40:17.052-03:00  INFO 29304 --- [pi] [http-nio-8080-exec-3] com.senac.pi.services.CursoService       : ### CURSO ### Buscando todos os cursos cadastrados.
2026-05-04T08:40:17.057-03:00  INFO 29304 --- [pi] [http-nio-8080-exec-3] com.senac.pi.services.CursoService       : ### CURSO ### Total de cursos retornados: 0
2026-05-04T08:40:19.341-03:00 DEBUG 29304 --- [pi] [http-nio-8080-exec-1] com.senac.pi.services.TokenService       : ### AUTH ### Token validado com sucesso para: priscila@senac.com
2026-05-04T08:40:19.353-03:00  INFO 29304 --- [pi] [http-nio-8080-exec-1] com.senac.pi.services.CursoService       : ### CURSO ### Buscando todos os cursos cadastrados.
2026-05-04T08:40:19.358-03:00  INFO 29304 --- [pi] [http-nio-8080-exec-1] com.senac.pi.services.CursoService       : ### CURSO ### Total de cursos retornados: 0
2026-05-04T08:40:58.586-03:00  INFO 29304 --- [pi] [http-nio-8080-exec-6] com.senac.pi.services.AuthService        : ### AUTH ### Tentativa de autenticação para o e-mail: priscila@senac.com
2026-05-04T08:40:58.590-03:00  INFO 29304 --- [pi] [http-nio-8080-exec-6] com.senac.pi.services.AuthService        : ### AUTH ### Usuário encontrado no banco! Prosseguindo com a validação de senha...
2026-05-04T08:40:58.762-03:00  INFO 29304 --- [pi] [http-nio-8080-exec-6] com.senac.pi.services.TokenService       : ### AUTH ### Gerando token para o usuário: priscila@senac.com
2026-05-04T08:40:58.766-03:00  INFO 29304 --- [pi] [http-nio-8080-exec-6] com.senac.pi.services.TokenService       : ### AUTH ### Token gerado com sucesso para a role: COORDENADOR
2026-05-04T10:16:19.113-03:00  WARN 29304 --- [pi] [HikariPool-1:housekeeper] com.zaxxer.hikari.pool.HikariPool        : HikariPool-1 - Thread starvation or clock leap detected (housekeeper delta=1h26m51s637ms577µs500ns).
2026-05-04T10:28:03.627-03:00  WARN 29304 --- [pi] [HikariPool-1:housekeeper] com.zaxxer.hikari.pool.HikariPool        : HikariPool-1 - Thread starvation or clock leap detected (housekeeper delta=9m14s63ms102µs500ns).
2026-05-04T12:52:08.416-03:00  WARN 29304 --- [pi] [HikariPool-1:housekeeper] com.zaxxer.hikari.pool.HikariPool        : HikariPool-1 - Thread starvation or clock leap detected (housekeeper delta=1h58m4s543ms691µs300ns).
2026-05-04T13:04:32.554-03:00  INFO 29304 --- [pi] [RMI TCP Connection(83)-127.0.0.1] inMXBeanRegistrar$SpringApplicationAdmin : Application shutdown requested.
2026-05-04T13:04:33.495-03:00  INFO 29304 --- [pi] [RMI TCP Connection(83)-127.0.0.1] o.s.boot.tomcat.GracefulShutdown         : Commencing graceful shutdown. Waiting for active requests to complete
2026-05-04T13:04:33.664-03:00  INFO 29304 --- [pi] [tomcat-shutdown] o.s.boot.tomcat.GracefulShutdown         : Graceful shutdown complete
2026-05-04T13:04:33.960-03:00  INFO 29304 --- [pi] [RMI TCP Connection(83)-127.0.0.1] j.LocalContainerEntityManagerFactoryBean : Closing JPA EntityManagerFactory for persistence unit 'default'
2026-05-04T13:04:34.169-03:00  INFO 29304 --- [pi] [RMI TCP Connection(83)-127.0.0.1] com.zaxxer.hikari.HikariDataSource       : HikariPool-1 - Shutdown initiated...
2026-05-04T13:04:34.246-03:00  INFO 29304 --- [pi] [RMI TCP Connection(83)-127.0.0.1] com.zaxxer.hikari.HikariDataSource       : HikariPool-1 - Shutdown completed.
2026-05-04T13:26:33.370-03:00  INFO 26148 --- [pi] [main] com.senac.pi.PiApplication               : Starting PiApplication using Java 25.0.1 with PID 26148 (C:\Users\pasco\Documents\2026.1\coding.mobile\Back-end-Projeto-Integrador-main\target\classes started by xxxxxx in C:\Users\pasco\Documents\2026.1\coding.mobile\Back-end-Projeto-Integrador-main)
2026-05-04T13:26:33.381-03:00 DEBUG 26148 --- [pi] [main] com.senac.pi.PiApplication               : Running with Spring Boot v4.0.5, Spring v7.0.6
2026-05-04T13:26:33.385-03:00  INFO 26148 --- [pi] [main] com.senac.pi.PiApplication               : No active profile set, falling back to 1 default profile: "default"
2026-05-04T13:26:39.394-03:00  INFO 26148 --- [pi] [main] .s.d.r.c.RepositoryConfigurationDelegate : Bootstrapping Spring Data JPA repositories in DEFAULT mode.
2026-05-04T13:26:39.704-03:00  INFO 26148 --- [pi] [main] .s.d.r.c.RepositoryConfigurationDelegate : Finished Spring Data repository scanning in 256 ms. Found 9 JPA repository interfaces.
2026-05-04T13:26:42.814-03:00  INFO 26148 --- [pi] [main] o.s.boot.tomcat.TomcatWebServer          : Tomcat initialized with port 8080 (http)
2026-05-04T13:26:42.870-03:00  INFO 26148 --- [pi] [main] o.apache.catalina.core.StandardService   : Starting service [Tomcat]
2026-05-04T13:26:42.871-03:00  INFO 26148 --- [pi] [main] o.apache.catalina.core.StandardEngine    : Starting Servlet engine: [Apache Tomcat/11.0.20]
2026-05-04T13:26:43.130-03:00  INFO 26148 --- [pi] [main] b.w.c.s.WebApplicationContextInitializer : Root WebApplicationContext: initialization completed in 9461 ms
2026-05-04T13:26:43.927-03:00  INFO 26148 --- [pi] [main] org.hibernate.orm.jpa                    : HHH008540: Processing PersistenceUnitInfo [name: default]
2026-05-04T13:26:44.187-03:00  INFO 26148 --- [pi] [main] org.hibernate.orm.core                   : HHH000001: Hibernate ORM core version 7.2.7.Final
2026-05-04T13:26:46.799-03:00  INFO 26148 --- [pi] [main] o.s.o.j.p.SpringPersistenceUnitInfo      : No LoadTimeWeaver setup: ignoring JPA class transformer
2026-05-04T13:26:46.932-03:00  INFO 26148 --- [pi] [main] com.zaxxer.hikari.HikariDataSource       : HikariPool-1 - Starting...
2026-05-04T13:26:48.991-03:00  INFO 26148 --- [pi] [main] com.zaxxer.hikari.pool.HikariPool        : HikariPool-1 - Added connection com.mysql.cj.jdbc.ConnectionImpl@10f60e36
2026-05-04T13:26:48.997-03:00  INFO 26148 --- [pi] [main] com.zaxxer.hikari.HikariDataSource       : HikariPool-1 - Start completed.
2026-05-04T13:26:49.403-03:00  WARN 26148 --- [pi] [main] org.hibernate.orm.deprecation            : HHH90000025: MySQLDialect does not need to be specified explicitly using 'hibernate.dialect' (remove the property setting and it will be selected by default)
2026-05-04T13:26:49.477-03:00  INFO 26148 --- [pi] [main] org.hibernate.orm.connections.pooling    : HHH10001005: Database info:
	Database JDBC URL [jdbc:mysql://localhost:3306/pi]
	Database driver: MySQL Connector/J
	Database dialect: MySQLDialect
	Database version: 8.0.45
	Default catalog/schema: pi/undefined
	Autocommit mode: undefined/unknown
	Isolation level: REPEATABLE_READ [default REPEATABLE_READ]
	JDBC fetch size: none
	Pool: DataSourceConnectionProvider
	Minimum pool size: undefined/unknown
	Maximum pool size: undefined/unknown
2026-05-04T13:26:55.010-03:00  INFO 26148 --- [pi] [main] org.hibernate.orm.core                   : HHH000489: No JTA platform available (set 'hibernate.transaction.jta.platform' to enable JTA platform integration)
2026-05-04T13:26:56.512-03:00  INFO 26148 --- [pi] [main] j.LocalContainerEntityManagerFactoryBean : Initialized JPA EntityManagerFactory for persistence unit 'default'
2026-05-04T13:26:56.744-03:00  INFO 26148 --- [pi] [main] o.s.d.j.r.query.QueryEnhancerFactories   : Hibernate is in classpath; If applicable, HQL parser will be used.
2026-05-04T13:26:57.540-03:00 DEBUG 26148 --- [pi] [main] com.senac.pi.config.SecurityFilter       : Filter 'securityFilter' configured for use
2026-05-04T13:26:59.877-03:00  INFO 26148 --- [pi] [main] r$InitializeUserDetailsManagerConfigurer : Global AuthenticationManager configured with UserDetailsService bean with name authService
2026-05-04T13:27:00.376-03:00  WARN 26148 --- [pi] [main] JpaBaseConfiguration$JpaWebConfiguration : spring.jpa.open-in-view is enabled by default. Therefore, database queries may be performed during view rendering. Explicitly configure spring.jpa.open-in-view to disable this warning
2026-05-04T13:27:01.393-03:00  INFO 26148 --- [pi] [main] o.s.v.b.OptionalValidatorFactoryBean     : Failed to set up a Bean Validation provider: jakarta.validation.NoProviderFoundException: Unable to create a Configuration, because no Jakarta Validation provider could be found. Add a provider like Hibernate Validator (RI) to your classpath.
2026-05-04T13:27:02.603-03:00  INFO 26148 --- [pi] [main] o.s.b.a.e.web.EndpointLinksResolver      : Exposing 2 endpoints beneath base path '/actuator'
2026-05-04T13:27:02.980-03:00  INFO 26148 --- [pi] [main] o.s.boot.tomcat.TomcatWebServer          : Tomcat started on port 8080 (http) with context path '/'
2026-05-04T13:27:03.023-03:00  INFO 26148 --- [pi] [main] com.senac.pi.PiApplication               : Started PiApplication in 34.516 seconds (process running for 39.116)
2026-05-04T13:27:05.116-03:00  INFO 26148 --- [pi] [RMI TCP Connection(10)-127.0.0.1] o.a.c.c.C.[Tomcat].[localhost].[/]       : Initializing Spring DispatcherServlet 'dispatcherServlet'
2026-05-04T13:27:05.117-03:00  INFO 26148 --- [pi] [RMI TCP Connection(10)-127.0.0.1] o.s.web.servlet.DispatcherServlet        : Initializing Servlet 'dispatcherServlet'
2026-05-04T13:27:05.123-03:00  INFO 26148 --- [pi] [RMI TCP Connection(10)-127.0.0.1] o.s.web.servlet.DispatcherServlet        : Completed initialization in 5 ms
2026-05-04T13:49:44.065-03:00  INFO 26148 --- [pi] [RMI TCP Connection(40)-127.0.0.1] inMXBeanRegistrar$SpringApplicationAdmin : Application shutdown requested.
2026-05-04T13:49:45.000-03:00  INFO 26148 --- [pi] [RMI TCP Connection(40)-127.0.0.1] o.s.boot.tomcat.GracefulShutdown         : Commencing graceful shutdown. Waiting for active requests to complete
2026-05-04T13:49:45.240-03:00  INFO 26148 --- [pi] [tomcat-shutdown] o.s.boot.tomcat.GracefulShutdown         : Graceful shutdown complete
2026-05-04T13:49:45.643-03:00  INFO 26148 --- [pi] [RMI TCP Connection(40)-127.0.0.1] j.LocalContainerEntityManagerFactoryBean : Closing JPA EntityManagerFactory for persistence unit 'default'
2026-05-04T13:49:45.892-03:00  INFO 26148 --- [pi] [RMI TCP Connection(40)-127.0.0.1] com.zaxxer.hikari.HikariDataSource       : HikariPool-1 - Shutdown initiated...
2026-05-04T13:49:46.215-03:00  INFO 26148 --- [pi] [RMI TCP Connection(40)-127.0.0.1] com.zaxxer.hikari.HikariDataSource       : HikariPool-1 - Shutdown completed.
2026-05-04T13:53:48.939-03:00  INFO 9396 --- [pi] [main] com.senac.pi.PiApplication               : Starting PiApplication using Java 25.0.1 with PID 9396 (C:\Users\pasco\Documents\2026.1\coding.mobile\Back-end-Projeto-Integrador-main\target\classes started by xxxxxx in C:\Users\pasco\Documents\2026.1\coding.mobile\Back-end-Projeto-Integrador-main)
2026-05-04T13:53:48.946-03:00 DEBUG 9396 --- [pi] [main] com.senac.pi.PiApplication               : Running with Spring Boot v4.0.5, Spring v7.0.6
2026-05-04T13:53:48.949-03:00  INFO 9396 --- [pi] [main] com.senac.pi.PiApplication               : No active profile set, falling back to 1 default profile: "default"
2026-05-04T13:53:56.647-03:00  INFO 9396 --- [pi] [main] .s.d.r.c.RepositoryConfigurationDelegate : Bootstrapping Spring Data JPA repositories in DEFAULT mode.
2026-05-04T13:53:56.914-03:00  INFO 9396 --- [pi] [main] .s.d.r.c.RepositoryConfigurationDelegate : Finished Spring Data repository scanning in 200 ms. Found 9 JPA repository interfaces.
2026-05-04T13:53:58.647-03:00  INFO 9396 --- [pi] [main] o.s.boot.tomcat.TomcatWebServer          : Tomcat initialized with port 8080 (http)
2026-05-04T13:53:58.688-03:00  INFO 9396 --- [pi] [main] o.apache.catalina.core.StandardService   : Starting service [Tomcat]
2026-05-04T13:53:58.689-03:00  INFO 9396 --- [pi] [main] o.apache.catalina.core.StandardEngine    : Starting Servlet engine: [Apache Tomcat/11.0.20]
2026-05-04T13:53:58.865-03:00  INFO 9396 --- [pi] [main] b.w.c.s.WebApplicationContextInitializer : Root WebApplicationContext: initialization completed in 9671 ms
2026-05-04T13:53:59.433-03:00  INFO 9396 --- [pi] [main] org.hibernate.orm.jpa                    : HHH008540: Processing PersistenceUnitInfo [name: default]
2026-05-04T13:53:59.546-03:00  INFO 9396 --- [pi] [main] org.hibernate.orm.core                   : HHH000001: Hibernate ORM core version 7.2.7.Final
2026-05-04T13:54:00.969-03:00  INFO 9396 --- [pi] [main] o.s.o.j.p.SpringPersistenceUnitInfo      : No LoadTimeWeaver setup: ignoring JPA class transformer
2026-05-04T13:54:01.048-03:00  INFO 9396 --- [pi] [main] com.zaxxer.hikari.HikariDataSource       : HikariPool-1 - Starting...
2026-05-04T13:54:02.248-03:00  INFO 9396 --- [pi] [main] com.zaxxer.hikari.pool.HikariPool        : HikariPool-1 - Added connection com.mysql.cj.jdbc.ConnectionImpl@44d6f9cf
2026-05-04T13:54:02.254-03:00  INFO 9396 --- [pi] [main] com.zaxxer.hikari.HikariDataSource       : HikariPool-1 - Start completed.
2026-05-04T13:54:02.590-03:00  WARN 9396 --- [pi] [main] org.hibernate.orm.deprecation            : HHH90000025: MySQLDialect does not need to be specified explicitly using 'hibernate.dialect' (remove the property setting and it will be selected by default)
2026-05-04T13:54:02.671-03:00  INFO 9396 --- [pi] [main] org.hibernate.orm.connections.pooling    : HHH10001005: Database info:
	Database JDBC URL [jdbc:mysql://localhost:3306/pi]
	Database driver: MySQL Connector/J
	Database dialect: MySQLDialect
	Database version: 8.0.45
	Default catalog/schema: pi/undefined
	Autocommit mode: undefined/unknown
	Isolation level: REPEATABLE_READ [default REPEATABLE_READ]
	JDBC fetch size: none
	Pool: DataSourceConnectionProvider
	Minimum pool size: undefined/unknown
	Maximum pool size: undefined/unknown
2026-05-04T13:54:10.350-03:00  INFO 9396 --- [pi] [main] org.hibernate.orm.core                   : HHH000489: No JTA platform available (set 'hibernate.transaction.jta.platform' to enable JTA platform integration)
2026-05-04T13:54:10.778-03:00  INFO 9396 --- [pi] [main] j.LocalContainerEntityManagerFactoryBean : Initialized JPA EntityManagerFactory for persistence unit 'default'
2026-05-04T13:54:11.002-03:00  INFO 9396 --- [pi] [main] o.s.d.j.r.query.QueryEnhancerFactories   : Hibernate is in classpath; If applicable, HQL parser will be used.
2026-05-04T13:54:11.822-03:00 DEBUG 9396 --- [pi] [main] com.senac.pi.config.SecurityFilter       : Filter 'securityFilter' configured for use
2026-05-04T13:54:14.363-03:00  INFO 9396 --- [pi] [main] r$InitializeUserDetailsManagerConfigurer : Global AuthenticationManager configured with UserDetailsService bean with name authService
2026-05-04T13:54:15.019-03:00  WARN 9396 --- [pi] [main] JpaBaseConfiguration$JpaWebConfiguration : spring.jpa.open-in-view is enabled by default. Therefore, database queries may be performed during view rendering. Explicitly configure spring.jpa.open-in-view to disable this warning
2026-05-04T13:54:15.869-03:00  INFO 9396 --- [pi] [main] o.s.v.b.OptionalValidatorFactoryBean     : Failed to set up a Bean Validation provider: jakarta.validation.NoProviderFoundException: Unable to create a Configuration, because no Jakarta Validation provider could be found. Add a provider like Hibernate Validator (RI) to your classpath.
2026-05-04T13:54:17.320-03:00  INFO 9396 --- [pi] [main] o.s.b.a.e.web.EndpointLinksResolver      : Exposing 2 endpoints beneath base path '/actuator'
2026-05-04T13:54:17.568-03:00  INFO 9396 --- [pi] [main] o.s.boot.tomcat.TomcatWebServer          : Tomcat started on port 8080 (http) with context path '/'
2026-05-04T13:54:17.595-03:00  INFO 9396 --- [pi] [main] com.senac.pi.PiApplication               : Started PiApplication in 30.888 seconds (process running for 34.973)
2026-05-04T13:54:19.287-03:00  INFO 9396 --- [pi] [RMI TCP Connection(11)-127.0.0.1] o.a.c.c.C.[Tomcat].[localhost].[/]       : Initializing Spring DispatcherServlet 'dispatcherServlet'
2026-05-04T13:54:19.288-03:00  INFO 9396 --- [pi] [RMI TCP Connection(11)-127.0.0.1] o.s.web.servlet.DispatcherServlet        : Initializing Servlet 'dispatcherServlet'
2026-05-04T13:54:19.293-03:00  INFO 9396 --- [pi] [RMI TCP Connection(11)-127.0.0.1] o.s.web.servlet.DispatcherServlet        : Completed initialization in 5 ms
2026-05-04T13:55:38.672-03:00  INFO 9396 --- [pi] [http-nio-8080-exec-2] com.senac.pi.services.AuthService        : ### AUTH ### Tentativa de autenticação para o e-mail: admin@senac.com
2026-05-04T13:55:39.405-03:00  INFO 9396 --- [pi] [http-nio-8080-exec-2] com.senac.pi.services.AuthService        : ### AUTH ### Usuário encontrado no banco! Prosseguindo com a validação de senha...
2026-05-04T13:55:39.613-03:00  INFO 9396 --- [pi] [http-nio-8080-exec-2] com.senac.pi.services.TokenService       : ### AUTH ### Gerando token para o usuário: admin@senac.com
2026-05-04T13:55:39.713-03:00  INFO 9396 --- [pi] [http-nio-8080-exec-2] com.senac.pi.services.TokenService       : ### AUTH ### Token gerado com sucesso para a role: ADMIN
2026-05-04T13:55:43.112-03:00 DEBUG 9396 --- [pi] [http-nio-8080-exec-3] com.senac.pi.services.TokenService       : ### AUTH ### Token validado com sucesso para: admin@senac.com
2026-05-04T13:55:43.113-03:00 DEBUG 9396 --- [pi] [http-nio-8080-exec-7] com.senac.pi.services.TokenService       : ### AUTH ### Token validado com sucesso para: admin@senac.com
2026-05-04T13:55:43.113-03:00 DEBUG 9396 --- [pi] [http-nio-8080-exec-4] com.senac.pi.services.TokenService       : ### AUTH ### Token validado com sucesso para: admin@senac.com
2026-05-04T13:55:43.275-03:00  INFO 9396 --- [pi] [http-nio-8080-exec-3] c.senac.pi.services.CoordenadorService   : ### COORD ### Listando todos os coordenadores...
2026-05-04T13:55:43.327-03:00  INFO 9396 --- [pi] [http-nio-8080-exec-7] com.senac.pi.services.CursoService       : ### CURSO ### Buscando todos os cursos cadastrados.
2026-05-04T13:55:43.333-03:00  INFO 9396 --- [pi] [http-nio-8080-exec-4] com.senac.pi.services.AlunoService       : Buscando todos os alunos cadastrados...
2026-05-04T13:55:43.376-03:00  INFO 9396 --- [pi] [http-nio-8080-exec-7] com.senac.pi.services.CursoService       : ### CURSO ### Total de cursos retornados: 0
2026-05-04T13:55:43.376-03:00  INFO 9396 --- [pi] [http-nio-8080-exec-4] com.senac.pi.services.AlunoService       : 0 alunos encontrados.
2026-05-04T13:55:43.434-03:00  INFO 9396 --- [pi] [http-nio-8080-exec-3] c.senac.pi.services.CoordenadorService   : ### COORD ### 1 coordenadores encontrados.
2026-05-04T13:56:20.151-03:00 DEBUG 9396 --- [pi] [http-nio-8080-exec-10] com.senac.pi.services.TokenService       : ### AUTH ### Token validado com sucesso para: admin@senac.com
2026-05-04T13:56:20.222-03:00  INFO 9396 --- [pi] [http-nio-8080-exec-10] com.senac.pi.services.CursoService       : ### CURSO ### Tentando cadastrar novo curso: Analise e Desenvolvimento de sistemas
2026-05-04T13:56:20.438-03:00  INFO 9396 --- [pi] [http-nio-8080-exec-10] com.senac.pi.services.CursoService       : ### CURSO ### Curso 'Analise e Desenvolvimento de sistemas' cadastrado com sucesso. ID: 1
2026-05-04T13:56:22.631-03:00 DEBUG 9396 --- [pi] [http-nio-8080-exec-1] com.senac.pi.services.TokenService       : ### AUTH ### Token validado com sucesso para: admin@senac.com
2026-05-04T13:56:22.650-03:00  INFO 9396 --- [pi] [http-nio-8080-exec-1] com.senac.pi.services.CursoService       : ### CURSO ### Buscando todos os cursos cadastrados.
2026-05-04T13:56:22.697-03:00  INFO 9396 --- [pi] [http-nio-8080-exec-1] com.senac.pi.services.CursoService       : ### CURSO ### Total de cursos retornados: 1
2026-05-04T13:56:29.896-03:00 DEBUG 9396 --- [pi] [http-nio-8080-exec-6] com.senac.pi.services.TokenService       : ### AUTH ### Token validado com sucesso para: admin@senac.com
2026-05-04T13:56:29.912-03:00  INFO 9396 --- [pi] [http-nio-8080-exec-6] com.senac.pi.services.CursoService       : ### CURSO ### Buscando todos os cursos cadastrados.
2026-05-04T13:56:29.921-03:00  INFO 9396 --- [pi] [http-nio-8080-exec-6] com.senac.pi.services.CursoService       : ### CURSO ### Total de cursos retornados: 1
2026-05-04T13:56:31.632-03:00 DEBUG 9396 --- [pi] [http-nio-8080-exec-4] com.senac.pi.services.TokenService       : ### AUTH ### Token validado com sucesso para: admin@senac.com
2026-05-04T13:56:31.635-03:00 DEBUG 9396 --- [pi] [http-nio-8080-exec-7] com.senac.pi.services.TokenService       : ### AUTH ### Token validado com sucesso para: admin@senac.com
2026-05-04T13:56:31.662-03:00 DEBUG 9396 --- [pi] [http-nio-8080-exec-3] com.senac.pi.services.TokenService       : ### AUTH ### Token validado com sucesso para: admin@senac.com
2026-05-04T13:56:31.662-03:00  INFO 9396 --- [pi] [http-nio-8080-exec-7] com.senac.pi.services.CursoService       : ### CURSO ### Buscando todos os cursos cadastrados.
2026-05-04T13:56:31.662-03:00  INFO 9396 --- [pi] [http-nio-8080-exec-4] com.senac.pi.services.AlunoService       : Buscando todos os alunos cadastrados...
2026-05-04T13:56:31.667-03:00  INFO 9396 --- [pi] [http-nio-8080-exec-4] com.senac.pi.services.AlunoService       : 0 alunos encontrados.
2026-05-04T13:56:31.679-03:00  INFO 9396 --- [pi] [http-nio-8080-exec-7] com.senac.pi.services.CursoService       : ### CURSO ### Total de cursos retornados: 1
2026-05-04T13:56:31.681-03:00  INFO 9396 --- [pi] [http-nio-8080-exec-3] c.senac.pi.services.CoordenadorService   : ### COORD ### Listando todos os coordenadores...
2026-05-04T13:56:31.688-03:00  INFO 9396 --- [pi] [http-nio-8080-exec-3] c.senac.pi.services.CoordenadorService   : ### COORD ### 1 coordenadores encontrados.
2026-05-04T13:56:34.872-03:00 DEBUG 9396 --- [pi] [http-nio-8080-exec-9] com.senac.pi.services.TokenService       : ### AUTH ### Token validado com sucesso para: admin@senac.com
2026-05-04T13:56:34.903-03:00  INFO 9396 --- [pi] [http-nio-8080-exec-9] com.senac.pi.services.CursoService       : ### CURSO ### Buscando todos os cursos cadastrados.
2026-05-04T13:56:34.922-03:00  INFO 9396 --- [pi] [http-nio-8080-exec-9] com.senac.pi.services.CursoService       : ### CURSO ### Total de cursos retornados: 1
2026-05-04T13:56:36.606-03:00 DEBUG 9396 --- [pi] [http-nio-8080-exec-1] com.senac.pi.services.TokenService       : ### AUTH ### Token validado com sucesso para: admin@senac.com
2026-05-04T13:56:36.639-03:00  INFO 9396 --- [pi] [http-nio-8080-exec-1] com.senac.pi.services.CursoService       : ### CURSO ### Consultando curso ID: 1
2026-05-04T13:56:36.705-03:00 DEBUG 9396 --- [pi] [http-nio-8080-exec-6] com.senac.pi.services.TokenService       : ### AUTH ### Token validado com sucesso para: admin@senac.com
2026-05-04T13:56:36.722-03:00  INFO 9396 --- [pi] [http-nio-8080-exec-6] com.senac.pi.services.CategoriaService   : Listando todas as categorias cadastradas.
2026-05-04T13:56:36.770-03:00 DEBUG 9396 --- [pi] [http-nio-8080-exec-5] com.senac.pi.services.TokenService       : ### AUTH ### Token validado com sucesso para: admin@senac.com
2026-05-04T13:56:36.784-03:00  INFO 9396 --- [pi] [http-nio-8080-exec-5] com.senac.pi.services.AlunoService       : Listando alunos matriculados no curso ID: 1
2026-05-04T13:57:08.394-03:00 DEBUG 9396 --- [pi] [http-nio-8080-exec-7] com.senac.pi.services.TokenService       : ### AUTH ### Token validado com sucesso para: admin@senac.com
2026-05-04T13:57:08.419-03:00  INFO 9396 --- [pi] [http-nio-8080-exec-7] com.senac.pi.services.AlunoService       : Processando aluno CAIO VICTOR DE MOURA PASCHOAL para o curso ID: 1
2026-05-04T13:57:08.763-03:00  INFO 9396 --- [pi] [http-nio-8080-exec-7] com.senac.pi.services.AlunoService       : Novo aluno CAIO VICTOR DE MOURA PASCHOAL cadastrado e matriculado no curso!
2026-05-04T13:57:11.098-03:00 DEBUG 9396 --- [pi] [http-nio-8080-exec-9] com.senac.pi.services.TokenService       : ### AUTH ### Token validado com sucesso para: admin@senac.com
2026-05-04T13:57:11.130-03:00  INFO 9396 --- [pi] [http-nio-8080-exec-9] com.senac.pi.services.CursoService       : ### CURSO ### Consultando curso ID: 1
2026-05-04T13:57:11.165-03:00 DEBUG 9396 --- [pi] [http-nio-8080-exec-1] com.senac.pi.services.TokenService       : ### AUTH ### Token validado com sucesso para: admin@senac.com
2026-05-04T13:57:11.181-03:00  INFO 9396 --- [pi] [http-nio-8080-exec-1] com.senac.pi.services.CategoriaService   : Listando todas as categorias cadastradas.
2026-05-04T13:57:11.209-03:00 DEBUG 9396 --- [pi] [http-nio-8080-exec-2] com.senac.pi.services.TokenService       : ### AUTH ### Token validado com sucesso para: admin@senac.com
2026-05-04T13:57:11.222-03:00  INFO 9396 --- [pi] [http-nio-8080-exec-2] com.senac.pi.services.AlunoService       : Listando alunos matriculados no curso ID: 1
2026-05-04T13:57:23.204-03:00 DEBUG 9396 --- [pi] [http-nio-8080-exec-8] com.senac.pi.services.TokenService       : ### AUTH ### Token validado com sucesso para: admin@senac.com
2026-05-04T13:57:23.227-03:00  INFO 9396 --- [pi] [http-nio-8080-exec-8] com.senac.pi.services.AlunoService       : Desvinculando Aluno ID 3 do Curso ID 1
2026-05-04T13:57:23.263-03:00  INFO 9396 --- [pi] [http-nio-8080-exec-8] com.senac.pi.services.AlunoService       : Vínculo removido com sucesso.
2026-05-04T13:57:25.093-03:00 DEBUG 9396 --- [pi] [http-nio-8080-exec-4] com.senac.pi.services.TokenService       : ### AUTH ### Token validado com sucesso para: admin@senac.com
2026-05-04T13:57:25.114-03:00  INFO 9396 --- [pi] [http-nio-8080-exec-4] com.senac.pi.services.AlunoService       : Listando alunos matriculados no curso ID: 1
2026-05-04T13:57:26.772-03:00 DEBUG 9396 --- [pi] [http-nio-8080-exec-3] com.senac.pi.services.TokenService       : ### AUTH ### Token validado com sucesso para: admin@senac.com
2026-05-04T13:57:26.782-03:00  INFO 9396 --- [pi] [http-nio-8080-exec-3] com.senac.pi.services.AlunoService       : Buscando todos os alunos cadastrados...
2026-05-04T13:57:26.788-03:00  INFO 9396 --- [pi] [http-nio-8080-exec-3] com.senac.pi.services.AlunoService       : 1 alunos encontrados.
2026-05-04T13:57:38.124-03:00 DEBUG 9396 --- [pi] [http-nio-8080-exec-2] com.senac.pi.services.TokenService       : ### AUTH ### Token validado com sucesso para: admin@senac.com
2026-05-04T13:57:38.135-03:00  INFO 9396 --- [pi] [http-nio-8080-exec-2] com.senac.pi.services.AlunoService       : Tentativa de matrícula: Aluno ID 3 no Curso ID 1
2026-05-04T13:57:38.174-03:00  INFO 9396 --- [pi] [http-nio-8080-exec-2] com.senac.pi.services.AlunoService       : Matrícula realizada com sucesso!
2026-05-04T13:57:38.207-03:00 DEBUG 9396 --- [pi] [http-nio-8080-exec-8] com.senac.pi.services.TokenService       : ### AUTH ### Token validado com sucesso para: admin@senac.com
2026-05-04T13:57:38.219-03:00  INFO 9396 --- [pi] [http-nio-8080-exec-8] com.senac.pi.services.AlunoService       : Listando alunos matriculados no curso ID: 1
2026-05-04T13:58:42.413-03:00 DEBUG 9396 --- [pi] [http-nio-8080-exec-7] com.senac.pi.services.TokenService       : ### AUTH ### Token validado com sucesso para: admin@senac.com
2026-05-04T13:58:42.436-03:00  INFO 9396 --- [pi] [http-nio-8080-exec-7] com.senac.pi.services.CursoService       : ### CURSO ### Consultando curso ID: 1
2026-05-04T13:58:42.500-03:00 DEBUG 9396 --- [pi] [http-nio-8080-exec-3] com.senac.pi.services.TokenService       : ### AUTH ### Token validado com sucesso para: admin@senac.com
2026-05-04T13:58:42.515-03:00  INFO 9396 --- [pi] [http-nio-8080-exec-3] com.senac.pi.services.CategoriaService   : Listando todas as categorias cadastradas.
2026-05-04T13:58:42.538-03:00 DEBUG 9396 --- [pi] [http-nio-8080-exec-9] com.senac.pi.services.TokenService       : ### AUTH ### Token validado com sucesso para: admin@senac.com
2026-05-04T13:58:42.550-03:00  INFO 9396 --- [pi] [http-nio-8080-exec-9] com.senac.pi.services.AlunoService       : Listando alunos matriculados no curso ID: 1
2026-05-04T13:58:43.816-03:00 DEBUG 9396 --- [pi] [http-nio-8080-exec-2] com.senac.pi.services.TokenService       : ### AUTH ### Token validado com sucesso para: admin@senac.com
2026-05-04T13:58:43.831-03:00  INFO 9396 --- [pi] [http-nio-8080-exec-2] com.senac.pi.services.CursoService       : ### CURSO ### Buscando todos os cursos cadastrados.
2026-05-04T13:58:43.839-03:00  INFO 9396 --- [pi] [http-nio-8080-exec-2] com.senac.pi.services.CursoService       : ### CURSO ### Total de cursos retornados: 1
2026-05-04T13:58:44.528-03:00 DEBUG 9396 --- [pi] [http-nio-8080-exec-5] com.senac.pi.services.TokenService       : ### AUTH ### Token validado com sucesso para: admin@senac.com
2026-05-04T13:58:44.529-03:00 DEBUG 9396 --- [pi] [http-nio-8080-exec-4] com.senac.pi.services.TokenService       : ### AUTH ### Token validado com sucesso para: admin@senac.com
2026-05-04T13:58:44.540-03:00  INFO 9396 --- [pi] [http-nio-8080-exec-5] com.senac.pi.services.CursoService       : ### CURSO ### Buscando todos os cursos cadastrados.
2026-05-04T13:58:44.547-03:00  INFO 9396 --- [pi] [http-nio-8080-exec-4] com.senac.pi.services.AlunoService       : Buscando todos os alunos cadastrados...
2026-05-04T13:58:44.548-03:00  INFO 9396 --- [pi] [http-nio-8080-exec-5] com.senac.pi.services.CursoService       : ### CURSO ### Total de cursos retornados: 1
2026-05-04T13:58:44.554-03:00 DEBUG 9396 --- [pi] [http-nio-8080-exec-7] com.senac.pi.services.TokenService       : ### AUTH ### Token validado com sucesso para: admin@senac.com
2026-05-04T13:58:44.558-03:00  INFO 9396 --- [pi] [http-nio-8080-exec-4] com.senac.pi.services.AlunoService       : 1 alunos encontrados.
2026-05-04T13:58:44.584-03:00  INFO 9396 --- [pi] [http-nio-8080-exec-7] c.senac.pi.services.CoordenadorService   : ### COORD ### Listando todos os coordenadores...
2026-05-04T13:58:44.597-03:00  INFO 9396 --- [pi] [http-nio-8080-exec-7] c.senac.pi.services.CoordenadorService   : ### COORD ### 1 coordenadores encontrados.
2026-05-04T13:59:23.063-03:00 DEBUG 9396 --- [pi] [http-nio-8080-exec-10] com.senac.pi.services.TokenService       : ### AUTH ### Token validado com sucesso para: admin@senac.com
2026-05-04T13:59:23.090-03:00  INFO 9396 --- [pi] [http-nio-8080-exec-10] com.senac.pi.services.CursoService       : ### CURSO ### Buscando todos os cursos cadastrados.
2026-05-04T13:59:23.108-03:00  INFO 9396 --- [pi] [http-nio-8080-exec-10] com.senac.pi.services.CursoService       : ### CURSO ### Total de cursos retornados: 1
2026-05-04T13:59:30.948-03:00 DEBUG 9396 --- [pi] [http-nio-8080-exec-8] com.senac.pi.services.TokenService       : ### AUTH ### Token validado com sucesso para: admin@senac.com
2026-05-04T13:59:30.953-03:00 DEBUG 9396 --- [pi] [http-nio-8080-exec-6] com.senac.pi.services.TokenService       : ### AUTH ### Token validado com sucesso para: admin@senac.com
2026-05-04T13:59:30.959-03:00 DEBUG 9396 --- [pi] [http-nio-8080-exec-5] com.senac.pi.services.TokenService       : ### AUTH ### Token validado com sucesso para: admin@senac.com
2026-05-04T13:59:30.962-03:00  INFO 9396 --- [pi] [http-nio-8080-exec-8] c.senac.pi.services.CoordenadorService   : ### COORD ### Listando todos os coordenadores...
2026-05-04T13:59:30.971-03:00  INFO 9396 --- [pi] [http-nio-8080-exec-8] c.senac.pi.services.CoordenadorService   : ### COORD ### 1 coordenadores encontrados.
2026-05-04T13:59:30.980-03:00  INFO 9396 --- [pi] [http-nio-8080-exec-6] com.senac.pi.services.AlunoService       : Buscando todos os alunos cadastrados...
2026-05-04T13:59:30.989-03:00  INFO 9396 --- [pi] [http-nio-8080-exec-5] com.senac.pi.services.CursoService       : ### CURSO ### Buscando todos os cursos cadastrados.
2026-05-04T13:59:31.005-03:00  INFO 9396 --- [pi] [http-nio-8080-exec-6] com.senac.pi.services.AlunoService       : 1 alunos encontrados.
2026-05-04T13:59:31.016-03:00  INFO 9396 --- [pi] [http-nio-8080-exec-5] com.senac.pi.services.CursoService       : ### CURSO ### Total de cursos retornados: 1
2026-05-04T14:03:15.702-03:00 DEBUG 9396 --- [pi] [http-nio-8080-exec-8] com.senac.pi.services.TokenService       : ### AUTH ### Token validado com sucesso para: admin@senac.com
2026-05-04T14:03:15.702-03:00 DEBUG 9396 --- [pi] [http-nio-8080-exec-1] com.senac.pi.services.TokenService       : ### AUTH ### Token validado com sucesso para: admin@senac.com
2026-05-04T14:03:15.702-03:00 DEBUG 9396 --- [pi] [http-nio-8080-exec-2] com.senac.pi.services.TokenService       : ### AUTH ### Token validado com sucesso para: admin@senac.com
2026-05-04T14:03:15.792-03:00  INFO 9396 --- [pi] [http-nio-8080-exec-1] com.senac.pi.services.AlunoService       : Buscando todos os alunos cadastrados...
2026-05-04T14:03:15.795-03:00  INFO 9396 --- [pi] [http-nio-8080-exec-2] c.senac.pi.services.CoordenadorService   : ### COORD ### Listando todos os coordenadores...
2026-05-04T14:03:15.814-03:00  INFO 9396 --- [pi] [http-nio-8080-exec-1] com.senac.pi.services.AlunoService       : 1 alunos encontrados.
2026-05-04T14:03:15.816-03:00  INFO 9396 --- [pi] [http-nio-8080-exec-8] com.senac.pi.services.CursoService       : ### CURSO ### Buscando todos os cursos cadastrados.
2026-05-04T14:03:15.850-03:00  INFO 9396 --- [pi] [http-nio-8080-exec-2] c.senac.pi.services.CoordenadorService   : ### COORD ### 1 coordenadores encontrados.
2026-05-04T14:03:15.852-03:00  INFO 9396 --- [pi] [http-nio-8080-exec-8] com.senac.pi.services.CursoService       : ### CURSO ### Total de cursos retornados: 1
2026-05-04T14:03:23.409-03:00 DEBUG 9396 --- [pi] [http-nio-8080-exec-5] com.senac.pi.services.TokenService       : ### AUTH ### Token validado com sucesso para: admin@senac.com
2026-05-04T14:03:23.429-03:00  INFO 9396 --- [pi] [http-nio-8080-exec-5] com.senac.pi.services.CursoService       : ### CURSO ### Buscando todos os cursos cadastrados.
2026-05-04T14:03:23.442-03:00  INFO 9396 --- [pi] [http-nio-8080-exec-5] com.senac.pi.services.CursoService       : ### CURSO ### Total de cursos retornados: 1
2026-05-04T14:04:09.556-03:00 DEBUG 9396 --- [pi] [http-nio-8080-exec-4] com.senac.pi.services.TokenService       : ### AUTH ### Token validado com sucesso para: admin@senac.com
2026-05-04T14:04:09.634-03:00  INFO 9396 --- [pi] [http-nio-8080-exec-4] com.senac.pi.services.AlunoService       : Iniciando cadastro de novo aluno sem vínculo imediato: ejsiad
2026-05-04T14:04:10.102-03:00  INFO 9396 --- [pi] [http-nio-8080-exec-4] com.senac.pi.services.AlunoService       : Aluno ejsiad cadastrado com sucesso! ID: 4
2026-05-04T14:04:12.275-03:00 DEBUG 9396 --- [pi] [http-nio-8080-exec-1] com.senac.pi.services.TokenService       : ### AUTH ### Token validado com sucesso para: admin@senac.com
2026-05-04T14:04:12.279-03:00 DEBUG 9396 --- [pi] [http-nio-8080-exec-9] com.senac.pi.services.TokenService       : ### AUTH ### Token validado com sucesso para: admin@senac.com
2026-05-04T14:04:12.290-03:00 DEBUG 9396 --- [pi] [http-nio-8080-exec-2] com.senac.pi.services.TokenService       : ### AUTH ### Token validado com sucesso para: admin@senac.com
2026-05-04T14:04:12.313-03:00  INFO 9396 --- [pi] [http-nio-8080-exec-1] com.senac.pi.services.CursoService       : ### CURSO ### Buscando todos os cursos cadastrados.
2026-05-04T14:04:12.319-03:00  INFO 9396 --- [pi] [http-nio-8080-exec-9] com.senac.pi.services.AlunoService       : Buscando todos os alunos cadastrados...
2026-05-04T14:04:12.323-03:00  INFO 9396 --- [pi] [http-nio-8080-exec-1] com.senac.pi.services.CursoService       : ### CURSO ### Total de cursos retornados: 1
2026-05-04T14:04:12.341-03:00  INFO 9396 --- [pi] [http-nio-8080-exec-2] c.senac.pi.services.CoordenadorService   : ### COORD ### Listando todos os coordenadores...
2026-05-04T14:04:12.373-03:00  INFO 9396 --- [pi] [http-nio-8080-exec-2] c.senac.pi.services.CoordenadorService   : ### COORD ### 1 coordenadores encontrados.
2026-05-04T14:04:12.425-03:00  INFO 9396 --- [pi] [http-nio-8080-exec-9] com.senac.pi.services.AlunoService       : 2 alunos encontrados.
2026-05-04T14:04:17.846-03:00 DEBUG 9396 --- [pi] [http-nio-8080-exec-6] com.senac.pi.services.TokenService       : ### AUTH ### Token validado com sucesso para: admin@senac.com
2026-05-04T14:04:17.863-03:00  INFO 9396 --- [pi] [http-nio-8080-exec-6] com.senac.pi.services.CursoService       : ### CURSO ### Buscando todos os cursos cadastrados.
2026-05-04T14:04:17.878-03:00  INFO 9396 --- [pi] [http-nio-8080-exec-6] com.senac.pi.services.CursoService       : ### CURSO ### Total de cursos retornados: 1
2026-05-04T14:04:19.172-03:00 DEBUG 9396 --- [pi] [http-nio-8080-exec-3] com.senac.pi.services.TokenService       : ### AUTH ### Token validado com sucesso para: admin@senac.com
2026-05-04T14:04:19.190-03:00  INFO 9396 --- [pi] [http-nio-8080-exec-3] com.senac.pi.services.CursoService       : ### CURSO ### Consultando curso ID: 1
2026-05-04T14:04:19.234-03:00 DEBUG 9396 --- [pi] [http-nio-8080-exec-7] com.senac.pi.services.TokenService       : ### AUTH ### Token validado com sucesso para: admin@senac.com
2026-05-04T14:04:19.245-03:00  INFO 9396 --- [pi] [http-nio-8080-exec-7] com.senac.pi.services.CategoriaService   : Listando todas as categorias cadastradas.
2026-05-04T14:04:19.279-03:00 DEBUG 9396 --- [pi] [http-nio-8080-exec-1] com.senac.pi.services.TokenService       : ### AUTH ### Token validado com sucesso para: admin@senac.com
2026-05-04T14:04:19.292-03:00  INFO 9396 --- [pi] [http-nio-8080-exec-1] com.senac.pi.services.AlunoService       : Listando alunos matriculados no curso ID: 1
2026-05-04T14:04:23.251-03:00 DEBUG 9396 --- [pi] [http-nio-8080-exec-9] com.senac.pi.services.TokenService       : ### AUTH ### Token validado com sucesso para: admin@senac.com
2026-05-04T14:04:23.267-03:00  INFO 9396 --- [pi] [http-nio-8080-exec-9] com.senac.pi.services.AlunoService       : Buscando todos os alunos cadastrados...
2026-05-04T14:04:23.274-03:00  INFO 9396 --- [pi] [http-nio-8080-exec-9] com.senac.pi.services.AlunoService       : 2 alunos encontrados.
2026-05-04T14:04:36.168-03:00 DEBUG 9396 --- [pi] [http-nio-8080-exec-6] com.senac.pi.services.TokenService       : ### AUTH ### Token validado com sucesso para: admin@senac.com
2026-05-04T14:04:36.185-03:00  INFO 9396 --- [pi] [http-nio-8080-exec-6] com.senac.pi.services.CursoService       : ### CURSO ### Consultando curso ID: 1
2026-05-04T14:04:36.215-03:00 DEBUG 9396 --- [pi] [http-nio-8080-exec-3] com.senac.pi.services.TokenService       : ### AUTH ### Token validado com sucesso para: admin@senac.com
2026-05-04T14:04:36.226-03:00  INFO 9396 --- [pi] [http-nio-8080-exec-3] com.senac.pi.services.CategoriaService   : Listando todas as categorias cadastradas.
2026-05-04T14:04:36.256-03:00 DEBUG 9396 --- [pi] [http-nio-8080-exec-7] com.senac.pi.services.TokenService       : ### AUTH ### Token validado com sucesso para: admin@senac.com
2026-05-04T14:04:36.268-03:00  INFO 9396 --- [pi] [http-nio-8080-exec-7] com.senac.pi.services.AlunoService       : Listando alunos matriculados no curso ID: 1
2026-05-04T14:04:37.140-03:00 DEBUG 9396 --- [pi] [http-nio-8080-exec-1] com.senac.pi.services.TokenService       : ### AUTH ### Token validado com sucesso para: admin@senac.com
2026-05-04T14:04:37.154-03:00  INFO 9396 --- [pi] [http-nio-8080-exec-1] com.senac.pi.services.CursoService       : ### CURSO ### Buscando todos os cursos cadastrados.
2026-05-04T14:04:37.164-03:00  INFO 9396 --- [pi] [http-nio-8080-exec-1] com.senac.pi.services.CursoService       : ### CURSO ### Total de cursos retornados: 1
2026-05-04T14:04:46.257-03:00 DEBUG 9396 --- [pi] [http-nio-8080-exec-9] com.senac.pi.services.TokenService       : ### AUTH ### Token validado com sucesso para: admin@senac.com
2026-05-04T14:04:46.272-03:00  INFO 9396 --- [pi] [http-nio-8080-exec-9] com.senac.pi.services.CursoService       : ### CURSO ### Tentando cadastrar novo curso: dasdas
2026-05-04T14:04:46.283-03:00  INFO 9396 --- [pi] [http-nio-8080-exec-9] com.senac.pi.services.CursoService       : ### CURSO ### Curso 'dasdas' cadastrado com sucesso. ID: 2
2026-05-04T14:04:48.435-03:00 DEBUG 9396 --- [pi] [http-nio-8080-exec-8] com.senac.pi.services.TokenService       : ### AUTH ### Token validado com sucesso para: admin@senac.com
2026-05-04T14:04:48.454-03:00  INFO 9396 --- [pi] [http-nio-8080-exec-8] com.senac.pi.services.CursoService       : ### CURSO ### Buscando todos os cursos cadastrados.
2026-05-04T14:04:48.480-03:00  INFO 9396 --- [pi] [http-nio-8080-exec-8] com.senac.pi.services.CursoService       : ### CURSO ### Total de cursos retornados: 2
2026-05-04T14:04:51.139-03:00 DEBUG 9396 --- [pi] [http-nio-8080-exec-5] com.senac.pi.services.TokenService       : ### AUTH ### Token validado com sucesso para: admin@senac.com
2026-05-04T14:04:51.156-03:00  INFO 9396 --- [pi] [http-nio-8080-exec-5] com.senac.pi.services.CursoService       : ### CURSO ### Consultando curso ID: 2
2026-05-04T14:04:51.189-03:00 DEBUG 9396 --- [pi] [http-nio-8080-exec-4] com.senac.pi.services.TokenService       : ### AUTH ### Token validado com sucesso para: admin@senac.com
2026-05-04T14:04:51.201-03:00  INFO 9396 --- [pi] [http-nio-8080-exec-4] com.senac.pi.services.CategoriaService   : Listando todas as categorias cadastradas.
2026-05-04T14:04:51.225-03:00 DEBUG 9396 --- [pi] [http-nio-8080-exec-10] com.senac.pi.services.TokenService       : ### AUTH ### Token validado com sucesso para: admin@senac.com
2026-05-04T14:04:51.238-03:00  INFO 9396 --- [pi] [http-nio-8080-exec-10] com.senac.pi.services.AlunoService       : Listando alunos matriculados no curso ID: 2
2026-05-04T14:04:55.121-03:00 DEBUG 9396 --- [pi] [http-nio-8080-exec-2] com.senac.pi.services.TokenService       : ### AUTH ### Token validado com sucesso para: admin@senac.com
2026-05-04T14:04:55.135-03:00  INFO 9396 --- [pi] [http-nio-8080-exec-2] com.senac.pi.services.AlunoService       : Buscando todos os alunos cadastrados...
2026-05-04T14:04:55.141-03:00  INFO 9396 --- [pi] [http-nio-8080-exec-2] com.senac.pi.services.AlunoService       : 2 alunos encontrados.
2026-05-04T14:04:56.652-03:00 DEBUG 9396 --- [pi] [http-nio-8080-exec-8] com.senac.pi.services.TokenService       : ### AUTH ### Token validado com sucesso para: admin@senac.com
2026-05-04T14:04:56.665-03:00  INFO 9396 --- [pi] [http-nio-8080-exec-8] com.senac.pi.services.AlunoService       : Tentativa de matrícula: Aluno ID 3 no Curso ID 2
2026-05-04T14:04:56.689-03:00  INFO 9396 --- [pi] [http-nio-8080-exec-8] com.senac.pi.services.AlunoService       : Matrícula realizada com sucesso!
2026-05-04T14:04:56.719-03:00 DEBUG 9396 --- [pi] [http-nio-8080-exec-5] com.senac.pi.services.TokenService       : ### AUTH ### Token validado com sucesso para: admin@senac.com
2026-05-04T14:04:56.738-03:00  INFO 9396 --- [pi] [http-nio-8080-exec-5] com.senac.pi.services.AlunoService       : Listando alunos matriculados no curso ID: 2
2026-05-04T14:09:21.937-03:00  INFO 9396 --- [pi] [RMI TCP Connection(29)-127.0.0.1] inMXBeanRegistrar$SpringApplicationAdmin : Application shutdown requested.
2026-05-04T14:09:23.153-03:00  INFO 9396 --- [pi] [RMI TCP Connection(29)-127.0.0.1] o.s.boot.tomcat.GracefulShutdown         : Commencing graceful shutdown. Waiting for active requests to complete
2026-05-04T14:09:23.305-03:00  INFO 9396 --- [pi] [tomcat-shutdown] o.s.boot.tomcat.GracefulShutdown         : Graceful shutdown complete
2026-05-04T14:09:23.561-03:00  INFO 9396 --- [pi] [RMI TCP Connection(29)-127.0.0.1] j.LocalContainerEntityManagerFactoryBean : Closing JPA EntityManagerFactory for persistence unit 'default'
2026-05-04T14:09:23.719-03:00  INFO 9396 --- [pi] [RMI TCP Connection(29)-127.0.0.1] com.zaxxer.hikari.HikariDataSource       : HikariPool-1 - Shutdown initiated...
2026-05-04T14:09:24.069-03:00  INFO 9396 --- [pi] [RMI TCP Connection(29)-127.0.0.1] com.zaxxer.hikari.HikariDataSource       : HikariPool-1 - Shutdown completed.
